2018-02-26 09:57:50,338 [INFO] [SessionValidationThread-1] o.apache.shiro.session.mgt.AbstractValidatingSessionManager [AbstractValidatingSessionManager.java : 275] Validating all active sessions...
2018-02-26 09:57:50,449 [INFO] [SessionValidationThread-1] o.apache.shiro.session.mgt.AbstractValidatingSessionManager [AbstractValidatingSessionManager.java : 308] Finished session validation.  No sessions were stopped.
2018-02-26 09:57:50,449 [INFO] [SessionValidationThread-1] o.apache.shiro.session.mgt.AbstractValidatingSessionManager [AbstractValidatingSessionManager.java : 275] Validating all active sessions...
2018-02-26 09:57:50,449 [INFO] [SessionValidationThread-1] o.apache.shiro.session.mgt.AbstractValidatingSessionManager [AbstractValidatingSessionManager.java : 308] Finished session validation.  No sessions were stopped.
2018-02-26 09:57:50,450 [INFO] [SessionValidationThread-1] o.apache.shiro.session.mgt.AbstractValidatingSessionManager [AbstractValidatingSessionManager.java : 275] Validating all active sessions...
2018-02-26 09:57:50,450 [INFO] [SessionValidationThread-1] o.apache.shiro.session.mgt.AbstractValidatingSessionManager [AbstractValidatingSessionManager.java : 308] Finished session validation.  No sessions were stopped.
2018-02-26 09:57:50,450 [INFO] [SessionValidationThread-1] o.apache.shiro.session.mgt.AbstractValidatingSessionManager [AbstractValidatingSessionManager.java : 275] Validating all active sessions...
2018-02-26 09:57:50,450 [INFO] [SessionValidationThread-1] o.apache.shiro.session.mgt.AbstractValidatingSessionManager [AbstractValidatingSessionManager.java : 308] Finished session validation.  No sessions were stopped.
2018-02-26 09:57:50,451 [INFO] [SessionValidationThread-1] o.apache.shiro.session.mgt.AbstractValidatingSessionManager [AbstractValidatingSessionManager.java : 275] Validating all active sessions...
2018-02-26 09:57:50,451 [INFO] [SessionValidationThread-1] o.apache.shiro.session.mgt.AbstractValidatingSessionManager [AbstractValidatingSessionManager.java : 308] Finished session validation.  No sessions were stopped.
2018-02-26 09:57:50,451 [INFO] [SessionValidationThread-1] o.apache.shiro.session.mgt.AbstractValidatingSessionManager [AbstractValidatingSessionManager.java : 275] Validating all active sessions...
2018-02-26 09:57:50,451 [INFO] [SessionValidationThread-1] o.apache.shiro.session.mgt.AbstractValidatingSessionManager [AbstractValidatingSessionManager.java : 308] Finished session validation.  No sessions were stopped.
2018-02-26 09:57:50,451 [INFO] [SessionValidationThread-1] o.apache.shiro.session.mgt.AbstractValidatingSessionManager [AbstractValidatingSessionManager.java : 275] Validating all active sessions...
2018-02-26 09:57:50,452 [INFO] [SessionValidationThread-1] o.apache.shiro.session.mgt.AbstractValidatingSessionManager [AbstractValidatingSessionManager.java : 308] Finished session validation.  No sessions were stopped.
2018-02-26 09:57:50,452 [INFO] [SessionValidationThread-1] o.apache.shiro.session.mgt.AbstractValidatingSessionManager [AbstractValidatingSessionManager.java : 275] Validating all active sessions...
2018-02-26 09:57:50,452 [INFO] [SessionValidationThread-1] o.apache.shiro.session.mgt.AbstractValidatingSessionManager [AbstractValidatingSessionManager.java : 308] Finished session validation.  No sessions were stopped.
2018-02-26 09:57:50,452 [INFO] [SessionValidationThread-1] o.apache.shiro.session.mgt.AbstractValidatingSessionManager [AbstractValidatingSessionManager.java : 275] Validating all active sessions...
2018-02-26 09:57:50,452 [INFO] [SessionValidationThread-1] o.apache.shiro.session.mgt.AbstractValidatingSessionManager [AbstractValidatingSessionManager.java : 308] Finished session validation.  No sessions were stopped.
2018-02-26 09:57:50,452 [INFO] [SessionValidationThread-1] o.apache.shiro.session.mgt.AbstractValidatingSessionManager [AbstractValidatingSessionManager.java : 275] Validating all active sessions...
2018-02-26 09:57:50,453 [INFO] [SessionValidationThread-1] o.apache.shiro.session.mgt.AbstractValidatingSessionManager [AbstractValidatingSessionManager.java : 308] Finished session validation.  No sessions were stopped.
2018-02-26 09:57:50,453 [INFO] [SessionValidationThread-1] o.apache.shiro.session.mgt.AbstractValidatingSessionManager [AbstractValidatingSessionManager.java : 275] Validating all active sessions...
2018-02-26 09:57:50,453 [INFO] [SessionValidationThread-1] o.apache.shiro.session.mgt.AbstractValidatingSessionManager [AbstractValidatingSessionManager.java : 308] Finished session validation.  No sessions were stopped.
2018-02-26 09:57:50,453 [INFO] [SessionValidationThread-1] o.apache.shiro.session.mgt.AbstractValidatingSessionManager [AbstractValidatingSessionManager.java : 275] Validating all active sessions...
2018-02-26 09:57:50,454 [INFO] [SessionValidationThread-1] o.apache.shiro.session.mgt.AbstractValidatingSessionManager [AbstractValidatingSessionManager.java : 308] Finished session validation.  No sessions were stopped.
2018-02-26 09:57:50,454 [INFO] [SessionValidationThread-1] o.apache.shiro.session.mgt.AbstractValidatingSessionManager [AbstractValidatingSessionManager.java : 275] Validating all active sessions...
2018-02-26 09:57:50,454 [INFO] [SessionValidationThread-1] o.apache.shiro.session.mgt.AbstractValidatingSessionManager [AbstractValidatingSessionManager.java : 308] Finished session validation.  No sessions were stopped.
2018-02-26 09:57:50,454 [INFO] [SessionValidationThread-1] o.apache.shiro.session.mgt.AbstractValidatingSessionManager [AbstractValidatingSessionManager.java : 275] Validating all active sessions...
2018-02-26 09:57:50,454 [INFO] [SessionValidationThread-1] o.apache.shiro.session.mgt.AbstractValidatingSessionManager [AbstractValidatingSessionManager.java : 308] Finished session validation.  No sessions were stopped.
2018-02-26 09:57:50,455 [INFO] [SessionValidationThread-1] o.apache.shiro.session.mgt.AbstractValidatingSessionManager [AbstractValidatingSessionManager.java : 275] Validating all active sessions...
2018-02-26 09:57:50,455 [INFO] [SessionValidationThread-1] o.apache.shiro.session.mgt.AbstractValidatingSessionManager [AbstractValidatingSessionManager.java : 308] Finished session validation.  No sessions were stopped.
2018-02-26 09:57:50,455 [INFO] [SessionValidationThread-1] o.apache.shiro.session.mgt.AbstractValidatingSessionManager [AbstractValidatingSessionManager.java : 275] Validating all active sessions...
2018-02-26 09:57:50,456 [INFO] [SessionValidationThread-1] o.apache.shiro.session.mgt.AbstractValidatingSessionManager [AbstractValidatingSessionManager.java : 308] Finished session validation.  No sessions were stopped.
2018-02-26 09:57:50,456 [INFO] [SessionValidationThread-1] o.apache.shiro.session.mgt.AbstractValidatingSessionManager [AbstractValidatingSessionManager.java : 275] Validating all active sessions...
2018-02-26 09:57:50,456 [INFO] [SessionValidationThread-1] o.apache.shiro.session.mgt.AbstractValidatingSessionManager [AbstractValidatingSessionManager.java : 308] Finished session validation.  No sessions were stopped.
2018-02-26 09:57:50,457 [INFO] [SessionValidationThread-1] o.apache.shiro.session.mgt.AbstractValidatingSessionManager [AbstractValidatingSessionManager.java : 275] Validating all active sessions...
2018-02-26 09:57:50,457 [INFO] [SessionValidationThread-1] o.apache.shiro.session.mgt.AbstractValidatingSessionManager [AbstractValidatingSessionManager.java : 308] Finished session validation.  No sessions were stopped.
2018-02-26 09:57:50,457 [INFO] [SessionValidationThread-1] o.apache.shiro.session.mgt.AbstractValidatingSessionManager [AbstractValidatingSessionManager.java : 275] Validating all active sessions...
2018-02-26 09:57:50,457 [INFO] [SessionValidationThread-1] o.apache.shiro.session.mgt.AbstractValidatingSessionManager [AbstractValidatingSessionManager.java : 308] Finished session validation.  No sessions were stopped.
2018-02-26 09:57:50,457 [INFO] [SessionValidationThread-1] o.apache.shiro.session.mgt.AbstractValidatingSessionManager [AbstractValidatingSessionManager.java : 275] Validating all active sessions...
2018-02-26 09:57:50,457 [INFO] [SessionValidationThread-1] o.apache.shiro.session.mgt.AbstractValidatingSessionManager [AbstractValidatingSessionManager.java : 308] Finished session validation.  No sessions were stopped.
2018-02-26 09:57:50,458 [INFO] [SessionValidationThread-1] o.apache.shiro.session.mgt.AbstractValidatingSessionManager [AbstractValidatingSessionManager.java : 275] Validating all active sessions...
2018-02-26 09:57:50,458 [INFO] [SessionValidationThread-1] o.apache.shiro.session.mgt.AbstractValidatingSessionManager [AbstractValidatingSessionManager.java : 308] Finished session validation.  No sessions were stopped.
2018-02-26 09:57:50,458 [INFO] [SessionValidationThread-1] o.apache.shiro.session.mgt.AbstractValidatingSessionManager [AbstractValidatingSessionManager.java : 275] Validating all active sessions...
2018-02-26 09:57:50,458 [INFO] [SessionValidationThread-1] o.apache.shiro.session.mgt.AbstractValidatingSessionManager [AbstractValidatingSessionManager.java : 308] Finished session validation.  No sessions were stopped.
2018-02-26 09:57:50,458 [INFO] [SessionValidationThread-1] o.apache.shiro.session.mgt.AbstractValidatingSessionManager [AbstractValidatingSessionManager.java : 275] Validating all active sessions...
2018-02-26 09:57:50,459 [INFO] [SessionValidationThread-1] o.apache.shiro.session.mgt.AbstractValidatingSessionManager [AbstractValidatingSessionManager.java : 308] Finished session validation.  No sessions were stopped.
2018-02-26 09:57:50,459 [INFO] [SessionValidationThread-1] o.apache.shiro.session.mgt.AbstractValidatingSessionManager [AbstractValidatingSessionManager.java : 275] Validating all active sessions...
2018-02-26 09:57:50,459 [INFO] [SessionValidationThread-1] o.apache.shiro.session.mgt.AbstractValidatingSessionManager [AbstractValidatingSessionManager.java : 308] Finished session validation.  No sessions were stopped.
2018-02-26 09:57:50,459 [INFO] [SessionValidationThread-1] o.apache.shiro.session.mgt.AbstractValidatingSessionManager [AbstractValidatingSessionManager.java : 275] Validating all active sessions...
2018-02-26 09:57:50,460 [INFO] [SessionValidationThread-1] o.apache.shiro.session.mgt.AbstractValidatingSessionManager [AbstractValidatingSessionManager.java : 308] Finished session validation.  No sessions were stopped.
2018-02-26 09:57:50,460 [INFO] [SessionValidationThread-1] o.apache.shiro.session.mgt.AbstractValidatingSessionManager [AbstractValidatingSessionManager.java : 275] Validating all active sessions...
2018-02-26 09:57:50,460 [INFO] [SessionValidationThread-1] o.apache.shiro.session.mgt.AbstractValidatingSessionManager [AbstractValidatingSessionManager.java : 308] Finished session validation.  No sessions were stopped.
2018-02-26 09:57:50,460 [INFO] [SessionValidationThread-1] o.apache.shiro.session.mgt.AbstractValidatingSessionManager [AbstractValidatingSessionManager.java : 275] Validating all active sessions...
2018-02-26 09:57:50,461 [INFO] [SessionValidationThread-1] o.apache.shiro.session.mgt.AbstractValidatingSessionManager [AbstractValidatingSessionManager.java : 308] Finished session validation.  No sessions were stopped.
2018-02-26 09:57:50,461 [INFO] [SessionValidationThread-1] o.apache.shiro.session.mgt.AbstractValidatingSessionManager [AbstractValidatingSessionManager.java : 275] Validating all active sessions...
2018-02-26 09:57:50,461 [INFO] [SessionValidationThread-1] o.apache.shiro.session.mgt.AbstractValidatingSessionManager [AbstractValidatingSessionManager.java : 308] Finished session validation.  No sessions were stopped.
2018-02-26 09:57:50,462 [INFO] [SessionValidationThread-1] o.apache.shiro.session.mgt.AbstractValidatingSessionManager [AbstractValidatingSessionManager.java : 275] Validating all active sessions...
2018-02-26 09:57:50,462 [INFO] [SessionValidationThread-1] o.apache.shiro.session.mgt.AbstractValidatingSessionManager [AbstractValidatingSessionManager.java : 308] Finished session validation.  No sessions were stopped.
2018-02-26 09:57:50,462 [INFO] [SessionValidationThread-1] o.apache.shiro.session.mgt.AbstractValidatingSessionManager [AbstractValidatingSessionManager.java : 275] Validating all active sessions...
2018-02-26 09:57:50,462 [INFO] [SessionValidationThread-1] o.apache.shiro.session.mgt.AbstractValidatingSessionManager [AbstractValidatingSessionManager.java : 308] Finished session validation.  No sessions were stopped.
2018-02-26 09:57:50,462 [INFO] [SessionValidationThread-1] o.apache.shiro.session.mgt.AbstractValidatingSessionManager [AbstractValidatingSessionManager.java : 275] Validating all active sessions...
2018-02-26 09:57:50,463 [INFO] [SessionValidationThread-1] o.apache.shiro.session.mgt.AbstractValidatingSessionManager [AbstractValidatingSessionManager.java : 308] Finished session validation.  No sessions were stopped.
2018-02-26 09:57:50,463 [INFO] [SessionValidationThread-1] o.apache.shiro.session.mgt.AbstractValidatingSessionManager [AbstractValidatingSessionManager.java : 275] Validating all active sessions...
2018-02-26 09:57:50,463 [INFO] [SessionValidationThread-1] o.apache.shiro.session.mgt.AbstractValidatingSessionManager [AbstractValidatingSessionManager.java : 308] Finished session validation.  No sessions were stopped.
2018-02-26 09:57:50,463 [INFO] [SessionValidationThread-1] o.apache.shiro.session.mgt.AbstractValidatingSessionManager [AbstractValidatingSessionManager.java : 275] Validating all active sessions...
2018-02-26 09:57:50,464 [INFO] [SessionValidationThread-1] o.apache.shiro.session.mgt.AbstractValidatingSessionManager [AbstractValidatingSessionManager.java : 308] Finished session validation.  No sessions were stopped.
2018-02-26 09:57:50,464 [INFO] [SessionValidationThread-1] o.apache.shiro.session.mgt.AbstractValidatingSessionManager [AbstractValidatingSessionManager.java : 275] Validating all active sessions...
2018-02-26 09:57:50,464 [INFO] [SessionValidationThread-1] o.apache.shiro.session.mgt.AbstractValidatingSessionManager [AbstractValidatingSessionManager.java : 308] Finished session validation.  No sessions were stopped.
2018-02-26 09:57:50,464 [INFO] [SessionValidationThread-1] o.apache.shiro.session.mgt.AbstractValidatingSessionManager [AbstractValidatingSessionManager.java : 275] Validating all active sessions...
2018-02-26 09:57:50,465 [INFO] [SessionValidationThread-1] o.apache.shiro.session.mgt.AbstractValidatingSessionManager [AbstractValidatingSessionManager.java : 308] Finished session validation.  No sessions were stopped.
2018-02-26 09:57:50,465 [INFO] [SessionValidationThread-1] o.apache.shiro.session.mgt.AbstractValidatingSessionManager [AbstractValidatingSessionManager.java : 275] Validating all active sessions...
2018-02-26 09:57:50,465 [INFO] [SessionValidationThread-1] o.apache.shiro.session.mgt.AbstractValidatingSessionManager [AbstractValidatingSessionManager.java : 308] Finished session validation.  No sessions were stopped.
2018-02-26 09:57:50,465 [INFO] [SessionValidationThread-1] o.apache.shiro.session.mgt.AbstractValidatingSessionManager [AbstractValidatingSessionManager.java : 275] Validating all active sessions...
2018-02-26 09:57:50,465 [INFO] [SessionValidationThread-1] o.apache.shiro.session.mgt.AbstractValidatingSessionManager [AbstractValidatingSessionManager.java : 308] Finished session validation.  No sessions were stopped.
2018-02-26 09:57:50,466 [INFO] [SessionValidationThread-1] o.apache.shiro.session.mgt.AbstractValidatingSessionManager [AbstractValidatingSessionManager.java : 275] Validating all active sessions...
2018-02-26 09:57:50,466 [INFO] [SessionValidationThread-1] o.apache.shiro.session.mgt.AbstractValidatingSessionManager [AbstractValidatingSessionManager.java : 308] Finished session validation.  No sessions were stopped.
2018-02-26 09:57:50,466 [INFO] [SessionValidationThread-1] o.apache.shiro.session.mgt.AbstractValidatingSessionManager [AbstractValidatingSessionManager.java : 275] Validating all active sessions...
2018-02-26 09:57:50,467 [INFO] [SessionValidationThread-1] o.apache.shiro.session.mgt.AbstractValidatingSessionManager [AbstractValidatingSessionManager.java : 308] Finished session validation.  No sessions were stopped.
2018-02-26 09:57:50,467 [INFO] [SessionValidationThread-1] o.apache.shiro.session.mgt.AbstractValidatingSessionManager [AbstractValidatingSessionManager.java : 275] Validating all active sessions...
2018-02-26 09:57:50,467 [INFO] [SessionValidationThread-1] o.apache.shiro.session.mgt.AbstractValidatingSessionManager [AbstractValidatingSessionManager.java : 308] Finished session validation.  No sessions were stopped.
2018-02-26 09:57:50,468 [INFO] [SessionValidationThread-1] o.apache.shiro.session.mgt.AbstractValidatingSessionManager [AbstractValidatingSessionManager.java : 275] Validating all active sessions...
2018-02-26 09:57:50,468 [INFO] [SessionValidationThread-1] o.apache.shiro.session.mgt.AbstractValidatingSessionManager [AbstractValidatingSessionManager.java : 308] Finished session validation.  No sessions were stopped.
2018-02-26 09:57:50,468 [INFO] [SessionValidationThread-1] o.apache.shiro.session.mgt.AbstractValidatingSessionManager [AbstractValidatingSessionManager.java : 275] Validating all active sessions...
2018-02-26 09:57:50,468 [INFO] [SessionValidationThread-1] o.apache.shiro.session.mgt.AbstractValidatingSessionManager [AbstractValidatingSessionManager.java : 308] Finished session validation.  No sessions were stopped.
2018-02-26 09:57:50,469 [INFO] [SessionValidationThread-1] o.apache.shiro.session.mgt.AbstractValidatingSessionManager [AbstractValidatingSessionManager.java : 275] Validating all active sessions...
2018-02-26 09:57:50,469 [INFO] [SessionValidationThread-1] o.apache.shiro.session.mgt.AbstractValidatingSessionManager [AbstractValidatingSessionManager.java : 308] Finished session validation.  No sessions were stopped.
2018-02-26 09:57:50,469 [INFO] [SessionValidationThread-1] o.apache.shiro.session.mgt.AbstractValidatingSessionManager [AbstractValidatingSessionManager.java : 275] Validating all active sessions...
2018-02-26 09:57:50,469 [INFO] [SessionValidationThread-1] o.apache.shiro.session.mgt.AbstractValidatingSessionManager [AbstractValidatingSessionManager.java : 308] Finished session validation.  No sessions were stopped.
2018-02-26 09:57:50,470 [INFO] [SessionValidationThread-1] o.apache.shiro.session.mgt.AbstractValidatingSessionManager [AbstractValidatingSessionManager.java : 275] Validating all active sessions...
2018-02-26 09:57:50,470 [INFO] [SessionValidationThread-1] o.apache.shiro.session.mgt.AbstractValidatingSessionManager [AbstractValidatingSessionManager.java : 308] Finished session validation.  No sessions were stopped.
2018-02-26 09:57:50,470 [INFO] [SessionValidationThread-1] o.apache.shiro.session.mgt.AbstractValidatingSessionManager [AbstractValidatingSessionManager.java : 275] Validating all active sessions...
2018-02-26 09:57:50,470 [INFO] [SessionValidationThread-1] o.apache.shiro.session.mgt.AbstractValidatingSessionManager [AbstractValidatingSessionManager.java : 308] Finished session validation.  No sessions were stopped.
2018-02-26 09:57:50,470 [INFO] [SessionValidationThread-1] o.apache.shiro.session.mgt.AbstractValidatingSessionManager [AbstractValidatingSessionManager.java : 275] Validating all active sessions...
2018-02-26 09:57:50,471 [INFO] [SessionValidationThread-1] o.apache.shiro.session.mgt.AbstractValidatingSessionManager [AbstractValidatingSessionManager.java : 308] Finished session validation.  No sessions were stopped.
2018-02-26 09:57:50,471 [INFO] [SessionValidationThread-1] o.apache.shiro.session.mgt.AbstractValidatingSessionManager [AbstractValidatingSessionManager.java : 275] Validating all active sessions...
2018-02-26 09:57:50,471 [INFO] [SessionValidationThread-1] o.apache.shiro.session.mgt.AbstractValidatingSessionManager [AbstractValidatingSessionManager.java : 308] Finished session validation.  No sessions were stopped.
2018-02-26 09:57:50,471 [INFO] [SessionValidationThread-1] o.apache.shiro.session.mgt.AbstractValidatingSessionManager [AbstractValidatingSessionManager.java : 275] Validating all active sessions...
2018-02-26 09:57:50,472 [INFO] [SessionValidationThread-1] o.apache.shiro.session.mgt.AbstractValidatingSessionManager [AbstractValidatingSessionManager.java : 308] Finished session validation.  No sessions were stopped.
2018-02-26 09:57:50,472 [INFO] [SessionValidationThread-1] o.apache.shiro.session.mgt.AbstractValidatingSessionManager [AbstractValidatingSessionManager.java : 275] Validating all active sessions...
2018-02-26 09:57:50,472 [INFO] [SessionValidationThread-1] o.apache.shiro.session.mgt.AbstractValidatingSessionManager [AbstractValidatingSessionManager.java : 308] Finished session validation.  No sessions were stopped.
2018-02-26 09:57:50,472 [INFO] [SessionValidationThread-1] o.apache.shiro.session.mgt.AbstractValidatingSessionManager [AbstractValidatingSessionManager.java : 275] Validating all active sessions...
2018-02-26 09:57:50,473 [INFO] [SessionValidationThread-1] o.apache.shiro.session.mgt.AbstractValidatingSessionManager [AbstractValidatingSessionManager.java : 308] Finished session validation.  No sessions were stopped.
2018-02-26 09:57:50,473 [INFO] [SessionValidationThread-1] o.apache.shiro.session.mgt.AbstractValidatingSessionManager [AbstractValidatingSessionManager.java : 275] Validating all active sessions...
2018-02-26 09:57:50,473 [INFO] [SessionValidationThread-1] o.apache.shiro.session.mgt.AbstractValidatingSessionManager [AbstractValidatingSessionManager.java : 308] Finished session validation.  No sessions were stopped.
2018-02-26 09:57:50,473 [INFO] [SessionValidationThread-1] o.apache.shiro.session.mgt.AbstractValidatingSessionManager [AbstractValidatingSessionManager.java : 275] Validating all active sessions...
2018-02-26 09:57:50,473 [INFO] [SessionValidationThread-1] o.apache.shiro.session.mgt.AbstractValidatingSessionManager [AbstractValidatingSessionManager.java : 308] Finished session validation.  No sessions were stopped.
2018-02-26 09:57:50,473 [INFO] [SessionValidationThread-1] o.apache.shiro.session.mgt.AbstractValidatingSessionManager [AbstractValidatingSessionManager.java : 275] Validating all active sessions...
2018-02-26 09:57:50,474 [INFO] [SessionValidationThread-1] o.apache.shiro.session.mgt.AbstractValidatingSessionManager [AbstractValidatingSessionManager.java : 308] Finished session validation.  No sessions were stopped.
2018-02-26 09:57:50,474 [INFO] [SessionValidationThread-1] o.apache.shiro.session.mgt.AbstractValidatingSessionManager [AbstractValidatingSessionManager.java : 275] Validating all active sessions...
2018-02-26 09:57:50,474 [INFO] [SessionValidationThread-1] o.apache.shiro.session.mgt.AbstractValidatingSessionManager [AbstractValidatingSessionManager.java : 308] Finished session validation.  No sessions were stopped.
2018-02-26 09:57:50,474 [INFO] [SessionValidationThread-1] o.apache.shiro.session.mgt.AbstractValidatingSessionManager [AbstractValidatingSessionManager.java : 275] Validating all active sessions...
2018-02-26 09:57:50,475 [INFO] [SessionValidationThread-1] o.apache.shiro.session.mgt.AbstractValidatingSessionManager [AbstractValidatingSessionManager.java : 308] Finished session validation.  No sessions were stopped.
2018-02-26 09:57:50,475 [INFO] [SessionValidationThread-1] o.apache.shiro.session.mgt.AbstractValidatingSessionManager [AbstractValidatingSessionManager.java : 275] Validating all active sessions...
2018-02-26 09:57:50,475 [INFO] [SessionValidationThread-1] o.apache.shiro.session.mgt.AbstractValidatingSessionManager [AbstractValidatingSessionManager.java : 308] Finished session validation.  No sessions were stopped.
2018-02-26 09:57:50,475 [INFO] [SessionValidationThread-1] o.apache.shiro.session.mgt.AbstractValidatingSessionManager [AbstractValidatingSessionManager.java : 275] Validating all active sessions...
2018-02-26 09:57:50,476 [INFO] [SessionValidationThread-1] o.apache.shiro.session.mgt.AbstractValidatingSessionManager [AbstractValidatingSessionManager.java : 308] Finished session validation.  No sessions were stopped.
2018-02-26 09:57:50,476 [INFO] [SessionValidationThread-1] o.apache.shiro.session.mgt.AbstractValidatingSessionManager [AbstractValidatingSessionManager.java : 275] Validating all active sessions...
2018-02-26 09:57:50,476 [INFO] [SessionValidationThread-1] o.apache.shiro.session.mgt.AbstractValidatingSessionManager [AbstractValidatingSessionManager.java : 308] Finished session validation.  No sessions were stopped.
2018-02-26 09:57:50,476 [INFO] [SessionValidationThread-1] o.apache.shiro.session.mgt.AbstractValidatingSessionManager [AbstractValidatingSessionManager.java : 275] Validating all active sessions...
2018-02-26 09:57:50,476 [INFO] [SessionValidationThread-1] o.apache.shiro.session.mgt.AbstractValidatingSessionManager [AbstractValidatingSessionManager.java : 308] Finished session validation.  No sessions were stopped.
2018-02-26 09:57:50,476 [INFO] [SessionValidationThread-1] o.apache.shiro.session.mgt.AbstractValidatingSessionManager [AbstractValidatingSessionManager.java : 275] Validating all active sessions...
2018-02-26 09:57:50,477 [INFO] [SessionValidationThread-1] o.apache.shiro.session.mgt.AbstractValidatingSessionManager [AbstractValidatingSessionManager.java : 308] Finished session validation.  No sessions were stopped.
2018-02-26 09:57:50,477 [INFO] [SessionValidationThread-1] o.apache.shiro.session.mgt.AbstractValidatingSessionManager [AbstractValidatingSessionManager.java : 275] Validating all active sessions...
2018-02-26 09:57:50,477 [INFO] [SessionValidationThread-1] o.apache.shiro.session.mgt.AbstractValidatingSessionManager [AbstractValidatingSessionManager.java : 308] Finished session validation.  No sessions were stopped.
2018-02-26 09:57:50,477 [INFO] [SessionValidationThread-1] o.apache.shiro.session.mgt.AbstractValidatingSessionManager [AbstractValidatingSessionManager.java : 275] Validating all active sessions...
2018-02-26 09:57:50,477 [INFO] [SessionValidationThread-1] o.apache.shiro.session.mgt.AbstractValidatingSessionManager [AbstractValidatingSessionManager.java : 308] Finished session validation.  No sessions were stopped.
2018-02-26 09:57:50,478 [INFO] [SessionValidationThread-1] o.apache.shiro.session.mgt.AbstractValidatingSessionManager [AbstractValidatingSessionManager.java : 275] Validating all active sessions...
2018-02-26 09:57:50,478 [INFO] [SessionValidationThread-1] o.apache.shiro.session.mgt.AbstractValidatingSessionManager [AbstractValidatingSessionManager.java : 308] Finished session validation.  No sessions were stopped.
2018-02-26 09:57:50,478 [INFO] [SessionValidationThread-1] o.apache.shiro.session.mgt.AbstractValidatingSessionManager [AbstractValidatingSessionManager.java : 275] Validating all active sessions...
2018-02-26 09:57:50,478 [INFO] [SessionValidationThread-1] o.apache.shiro.session.mgt.AbstractValidatingSessionManager [AbstractValidatingSessionManager.java : 308] Finished session validation.  No sessions were stopped.
2018-02-26 09:57:50,478 [INFO] [SessionValidationThread-1] o.apache.shiro.session.mgt.AbstractValidatingSessionManager [AbstractValidatingSessionManager.java : 275] Validating all active sessions...
2018-02-26 09:57:50,479 [INFO] [SessionValidationThread-1] o.apache.shiro.session.mgt.AbstractValidatingSessionManager [AbstractValidatingSessionManager.java : 308] Finished session validation.  No sessions were stopped.
2018-02-26 09:57:50,479 [INFO] [SessionValidationThread-1] o.apache.shiro.session.mgt.AbstractValidatingSessionManager [AbstractValidatingSessionManager.java : 275] Validating all active sessions...
2018-02-26 09:57:50,479 [INFO] [SessionValidationThread-1] o.apache.shiro.session.mgt.AbstractValidatingSessionManager [AbstractValidatingSessionManager.java : 308] Finished session validation.  No sessions were stopped.
2018-02-26 09:57:50,479 [INFO] [SessionValidationThread-1] o.apache.shiro.session.mgt.AbstractValidatingSessionManager [AbstractValidatingSessionManager.java : 275] Validating all active sessions...
2018-02-26 09:57:50,479 [INFO] [SessionValidationThread-1] o.apache.shiro.session.mgt.AbstractValidatingSessionManager [AbstractValidatingSessionManager.java : 308] Finished session validation.  No sessions were stopped.
2018-02-26 10:06:42,598 [INFO] [SessionValidationThread-1] o.apache.shiro.session.mgt.AbstractValidatingSessionManager [AbstractValidatingSessionManager.java : 275] Validating all active sessions...
2018-02-26 10:06:42,599 [INFO] [SessionValidationThread-1] o.apache.shiro.session.mgt.AbstractValidatingSessionManager [AbstractValidatingSessionManager.java : 308] Finished session validation.  No sessions were stopped.
2018-02-26 10:21:42,598 [INFO] [SessionValidationThread-1] o.apache.shiro.session.mgt.AbstractValidatingSessionManager [AbstractValidatingSessionManager.java : 275] Validating all active sessions...
2018-02-26 10:21:42,599 [INFO] [SessionValidationThread-1] o.apache.shiro.session.mgt.AbstractValidatingSessionManager [AbstractValidatingSessionManager.java : 308] Finished session validation.  No sessions were stopped.
2018-02-26 10:36:42,598 [INFO] [SessionValidationThread-1] o.apache.shiro.session.mgt.AbstractValidatingSessionManager [AbstractValidatingSessionManager.java : 275] Validating all active sessions...
2018-02-26 10:36:42,599 [INFO] [SessionValidationThread-1] o.apache.shiro.session.mgt.AbstractValidatingSessionManager [AbstractValidatingSessionManager.java : 308] Finished session validation.  No sessions were stopped.
2018-02-26 10:51:42,598 [INFO] [SessionValidationThread-1] o.apache.shiro.session.mgt.AbstractValidatingSessionManager [AbstractValidatingSessionManager.java : 275] Validating all active sessions...
2018-02-26 10:51:42,599 [INFO] [SessionValidationThread-1] o.apache.shiro.session.mgt.AbstractValidatingSessionManager [AbstractValidatingSessionManager.java : 308] Finished session validation.  No sessions were stopped.
2018-02-26 11:06:42,598 [INFO] [SessionValidationThread-1] o.apache.shiro.session.mgt.AbstractValidatingSessionManager [AbstractValidatingSessionManager.java : 275] Validating all active sessions...
2018-02-26 11:06:42,599 [INFO] [SessionValidationThread-1] o.apache.shiro.session.mgt.AbstractValidatingSessionManager [AbstractValidatingSessionManager.java : 308] Finished session validation.  No sessions were stopped.
2018-02-26 11:21:42,599 [INFO] [SessionValidationThread-1] o.apache.shiro.session.mgt.AbstractValidatingSessionManager [AbstractValidatingSessionManager.java : 275] Validating all active sessions...
2018-02-26 11:21:42,600 [INFO] [SessionValidationThread-1] o.apache.shiro.session.mgt.AbstractValidatingSessionManager [AbstractValidatingSessionManager.java : 308] Finished session validation.  No sessions were stopped.
2018-02-26 11:36:42,598 [INFO] [SessionValidationThread-1] o.apache.shiro.session.mgt.AbstractValidatingSessionManager [AbstractValidatingSessionManager.java : 275] Validating all active sessions...
2018-02-26 11:36:42,599 [INFO] [SessionValidationThread-1] o.apache.shiro.session.mgt.AbstractValidatingSessionManager [AbstractValidatingSessionManager.java : 308] Finished session validation.  No sessions were stopped.
2018-02-26 11:51:42,597 [INFO] [SessionValidationThread-1] o.apache.shiro.session.mgt.AbstractValidatingSessionManager [AbstractValidatingSessionManager.java : 275] Validating all active sessions...
2018-02-26 11:51:42,598 [INFO] [SessionValidationThread-1] o.apache.shiro.session.mgt.AbstractValidatingSessionManager [AbstractValidatingSessionManager.java : 308] Finished session validation.  No sessions were stopped.
2018-02-26 11:59:22,475 [DEBUG] [http-nio-8080-exec-1] c.s.guns.common.persistence.dao.ExpenseMapper.selectMaps [BaseJdbcLogger.java : 159] ==>  Preparing: SELECT id AS id,money,`desc`,createtime,`state`,userid,processId FROM sys_expense WHERE (userid = ?) 
2018-02-26 11:59:22,481 [DEBUG] [http-nio-8080-exec-1] c.s.guns.common.persistence.dao.ExpenseMapper.selectMaps [BaseJdbcLogger.java : 159] ==> Parameters: 1(Integer)
2018-02-26 11:59:22,493 [DEBUG] [http-nio-8080-exec-1] c.s.guns.common.persistence.dao.ExpenseMapper.selectMaps [BaseJdbcLogger.java : 159] <==      Total: 4
2018-02-26 11:59:44,781 [DEBUG] [http-nio-8080-exec-5] c.s.guns.common.persistence.dao.ExpenseMapper.selectMaps [BaseJdbcLogger.java : 159] ==>  Preparing: SELECT id AS id,money,`desc`,createtime,`state`,userid,processId FROM sys_expense WHERE (userid = ?) 
2018-02-26 11:59:44,785 [DEBUG] [http-nio-8080-exec-5] c.s.guns.common.persistence.dao.ExpenseMapper.selectMaps [BaseJdbcLogger.java : 159] ==> Parameters: 1(Integer)
2018-02-26 11:59:44,787 [DEBUG] [http-nio-8080-exec-5] c.s.guns.common.persistence.dao.ExpenseMapper.selectMaps [BaseJdbcLogger.java : 159] <==      Total: 4
2018-02-26 11:59:47,935 [DEBUG] [http-nio-8080-exec-6] c.s.guns.common.persistence.dao.ExpenseMapper.selectMaps [BaseJdbcLogger.java : 159] ==>  Preparing: SELECT id AS id,money,`desc`,createtime,`state`,userid,processId FROM sys_expense WHERE (userid = ?) 
2018-02-26 11:59:47,936 [DEBUG] [http-nio-8080-exec-6] c.s.guns.common.persistence.dao.ExpenseMapper.selectMaps [BaseJdbcLogger.java : 159] ==> Parameters: 1(Integer)
2018-02-26 11:59:47,938 [DEBUG] [http-nio-8080-exec-6] c.s.guns.common.persistence.dao.ExpenseMapper.selectMaps [BaseJdbcLogger.java : 159] <==      Total: 4
2018-02-26 11:59:50,220 [DEBUG] [http-nio-8080-exec-3] c.s.guns.common.persistence.dao.ExpenseMapper.selectMaps [BaseJdbcLogger.java : 159] ==>  Preparing: SELECT id AS id,money,`desc`,createtime,`state`,userid,processId FROM sys_expense WHERE (userid = ?) 
2018-02-26 11:59:50,221 [DEBUG] [http-nio-8080-exec-3] c.s.guns.common.persistence.dao.ExpenseMapper.selectMaps [BaseJdbcLogger.java : 159] ==> Parameters: 1(Integer)
2018-02-26 11:59:50,224 [DEBUG] [http-nio-8080-exec-3] c.s.guns.common.persistence.dao.ExpenseMapper.selectMaps [BaseJdbcLogger.java : 159] <==      Total: 4
2018-02-26 11:59:56,864 [DEBUG] [http-nio-8080-exec-2] c.s.guns.common.persistence.dao.ExpenseMapper.selectMaps [BaseJdbcLogger.java : 159] ==>  Preparing: SELECT id AS id,money,`desc`,createtime,`state`,userid,processId FROM sys_expense WHERE (userid = ?) 
2018-02-26 11:59:56,866 [DEBUG] [http-nio-8080-exec-2] c.s.guns.common.persistence.dao.ExpenseMapper.selectMaps [BaseJdbcLogger.java : 159] ==> Parameters: 1(Integer)
2018-02-26 11:59:56,869 [DEBUG] [http-nio-8080-exec-2] c.s.guns.common.persistence.dao.ExpenseMapper.selectMaps [BaseJdbcLogger.java : 159] <==      Total: 4
2018-02-26 11:59:59,025 [DEBUG] [http-nio-8080-exec-1] c.s.guns.common.persistence.dao.ExpenseMapper.selectMaps [BaseJdbcLogger.java : 159] ==>  Preparing: SELECT id AS id,money,`desc`,createtime,`state`,userid,processId FROM sys_expense WHERE (userid = ?) 
2018-02-26 11:59:59,026 [DEBUG] [http-nio-8080-exec-1] c.s.guns.common.persistence.dao.ExpenseMapper.selectMaps [BaseJdbcLogger.java : 159] ==> Parameters: 1(Integer)
2018-02-26 11:59:59,028 [DEBUG] [http-nio-8080-exec-1] c.s.guns.common.persistence.dao.ExpenseMapper.selectMaps [BaseJdbcLogger.java : 159] <==      Total: 4
2018-02-26 12:00:04,995 [DEBUG] [http-nio-8080-exec-2] c.s.guns.common.persistence.dao.ExpenseMapper.selectMaps [BaseJdbcLogger.java : 159] ==>  Preparing: SELECT id AS id,money,`desc`,createtime,`state`,userid,processId FROM sys_expense WHERE (userid = ?) 
2018-02-26 12:00:04,997 [DEBUG] [http-nio-8080-exec-2] c.s.guns.common.persistence.dao.ExpenseMapper.selectMaps [BaseJdbcLogger.java : 159] ==> Parameters: 1(Integer)
2018-02-26 12:00:05,000 [DEBUG] [http-nio-8080-exec-2] c.s.guns.common.persistence.dao.ExpenseMapper.selectMaps [BaseJdbcLogger.java : 159] <==      Total: 4
2018-02-26 12:00:11,709 [DEBUG] [http-nio-8080-exec-2] c.s.guns.common.persistence.dao.ExpenseMapper.selectMaps [BaseJdbcLogger.java : 159] ==>  Preparing: SELECT id AS id,money,`desc`,createtime,`state`,userid,processId FROM sys_expense WHERE (userid = ?) 
2018-02-26 12:00:11,710 [DEBUG] [http-nio-8080-exec-2] c.s.guns.common.persistence.dao.ExpenseMapper.selectMaps [BaseJdbcLogger.java : 159] ==> Parameters: 1(Integer)
2018-02-26 12:00:11,714 [DEBUG] [http-nio-8080-exec-2] c.s.guns.common.persistence.dao.ExpenseMapper.selectMaps [BaseJdbcLogger.java : 159] <==      Total: 4
2018-02-26 12:00:16,607 [DEBUG] [http-nio-8080-exec-10] c.s.guns.common.persistence.dao.ExpenseMapper.selectMaps [BaseJdbcLogger.java : 159] ==>  Preparing: SELECT id AS id,money,`desc`,createtime,`state`,userid,processId FROM sys_expense WHERE (userid = ?) 
2018-02-26 12:00:16,609 [DEBUG] [http-nio-8080-exec-10] c.s.guns.common.persistence.dao.ExpenseMapper.selectMaps [BaseJdbcLogger.java : 159] ==> Parameters: 1(Integer)
2018-02-26 12:00:16,613 [DEBUG] [http-nio-8080-exec-10] c.s.guns.common.persistence.dao.ExpenseMapper.selectMaps [BaseJdbcLogger.java : 159] <==      Total: 4
2018-02-26 12:00:22,864 [DEBUG] [http-nio-8080-exec-9] c.s.guns.modular.system.dao.MenuDao.getResUrlsByRoleId [BaseJdbcLogger.java : 159] ==>  Preparing: select url from sys_relation rel inner join sys_menu m on rel.menuid = m.id where rel.roleid = ? 
2018-02-26 12:00:22,866 [DEBUG] [http-nio-8080-exec-9] c.s.guns.modular.system.dao.MenuDao.getResUrlsByRoleId [BaseJdbcLogger.java : 159] ==> Parameters: 1(Integer)
2018-02-26 12:00:22,870 [DEBUG] [http-nio-8080-exec-9] c.s.guns.modular.system.dao.MenuDao.getResUrlsByRoleId [BaseJdbcLogger.java : 159] <==      Total: 78
2018-02-26 12:00:23,198 [DEBUG] [http-nio-8080-exec-6] c.s.guns.common.persistence.dao.UserRepairMapper.selectList [BaseJdbcLogger.java : 159] ==>  Preparing: SELECT id AS id,account,rcontent,rstate,createtime,overtime FROM user_repair 
2018-02-26 12:00:23,201 [DEBUG] [http-nio-8080-exec-6] c.s.guns.common.persistence.dao.UserRepairMapper.selectList [BaseJdbcLogger.java : 159] ==> Parameters: 
2018-02-26 12:00:23,214 [DEBUG] [http-nio-8080-exec-6] c.s.guns.common.persistence.dao.UserRepairMapper.selectList [BaseJdbcLogger.java : 159] <==      Total: 2
2018-02-26 12:00:28,819 [DEBUG] [http-nio-8080-exec-1] c.s.guns.common.persistence.dao.UserRepairMapper.selectById [BaseJdbcLogger.java : 159] ==>  Preparing: SELECT id AS id,account,rcontent,rstate,createtime,overtime FROM user_repair WHERE id=? 
2018-02-26 12:00:28,821 [DEBUG] [http-nio-8080-exec-1] c.s.guns.common.persistence.dao.UserRepairMapper.selectById [BaseJdbcLogger.java : 159] ==> Parameters: 1(Integer)
2018-02-26 12:00:28,825 [DEBUG] [http-nio-8080-exec-1] c.s.guns.common.persistence.dao.UserRepairMapper.selectById [BaseJdbcLogger.java : 159] <==      Total: 1
2018-02-26 12:00:35,749 [DEBUG] [http-nio-8080-exec-9] c.s.guns.common.persistence.dao.UserHouseMapper.selectList [BaseJdbcLogger.java : 159] ==>  Preparing: SELECT id AS id,account,building,room,rent FROM user_house 
2018-02-26 12:00:35,752 [DEBUG] [http-nio-8080-exec-9] c.s.guns.common.persistence.dao.UserHouseMapper.selectList [BaseJdbcLogger.java : 159] ==> Parameters: 
2018-02-26 12:00:35,761 [DEBUG] [http-nio-8080-exec-9] c.s.guns.common.persistence.dao.UserHouseMapper.selectList [BaseJdbcLogger.java : 159] <==      Total: 1
2018-02-26 12:00:37,318 [DEBUG] [http-nio-8080-exec-4] c.s.guns.common.persistence.dao.UserRepairMapper.selectList [BaseJdbcLogger.java : 159] ==>  Preparing: SELECT id AS id,account,rcontent,rstate,createtime,overtime FROM user_repair 
2018-02-26 12:00:37,318 [DEBUG] [http-nio-8080-exec-4] c.s.guns.common.persistence.dao.UserRepairMapper.selectList [BaseJdbcLogger.java : 159] ==> Parameters: 
2018-02-26 12:00:37,320 [DEBUG] [http-nio-8080-exec-4] c.s.guns.common.persistence.dao.UserRepairMapper.selectList [BaseJdbcLogger.java : 159] <==      Total: 2
2018-02-26 12:00:40,915 [DEBUG] [http-nio-8080-exec-3] c.s.guns.common.persistence.dao.UserRepairMapper.selectById [BaseJdbcLogger.java : 159] ==>  Preparing: SELECT id AS id,account,rcontent,rstate,createtime,overtime FROM user_repair WHERE id=? 
2018-02-26 12:00:40,917 [DEBUG] [http-nio-8080-exec-3] c.s.guns.common.persistence.dao.UserRepairMapper.selectById [BaseJdbcLogger.java : 159] ==> Parameters: 1(Integer)
2018-02-26 12:00:40,919 [DEBUG] [http-nio-8080-exec-3] c.s.guns.common.persistence.dao.UserRepairMapper.selectById [BaseJdbcLogger.java : 159] <==      Total: 1
2018-02-26 12:00:53,429 [DEBUG] [http-nio-8080-exec-8] c.s.guns.common.persistence.dao.ExpenseMapper.selectList [BaseJdbcLogger.java : 159] ==>  Preparing: SELECT id AS id,money,`desc`,createtime,`state`,userid,processId FROM sys_expense WHERE (processId = ?) 
2018-02-26 12:00:53,432 [DEBUG] [http-nio-8080-exec-8] c.s.guns.common.persistence.dao.ExpenseMapper.selectList [BaseJdbcLogger.java : 159] ==> Parameters: 5046(String)
2018-02-26 12:00:53,437 [DEBUG] [http-nio-8080-exec-8] c.s.guns.common.persistence.dao.ExpenseMapper.selectList [BaseJdbcLogger.java : 159] <==      Total: 1
2018-02-26 12:00:53,450 [DEBUG] [http-nio-8080-exec-8] c.s.guns.common.persistence.dao.ExpenseMapper.updateById [BaseJdbcLogger.java : 159] ==>  Preparing: UPDATE sys_expense SET money=?, `desc`=?, createtime=?, `state`=?, userid=?, processId=? WHERE id=? 
2018-02-26 12:00:53,457 [DEBUG] [http-nio-8080-exec-8] c.s.guns.common.persistence.dao.ExpenseMapper.updateById [BaseJdbcLogger.java : 159] ==> Parameters: 121.00(BigDecimal), 21(String), 2018-02-25 10:22:53.0(Timestamp), 2(Integer), 1(Integer), 5046(String), 4(Integer)
2018-02-26 12:00:53,460 [DEBUG] [http-nio-8080-exec-8] c.s.guns.common.persistence.dao.ExpenseMapper.updateById [BaseJdbcLogger.java : 159] <==    Updates: 1
2018-02-26 12:00:55,697 [DEBUG] [http-nio-8080-exec-3] c.s.guns.common.persistence.dao.ExpenseMapper.selectMaps [BaseJdbcLogger.java : 159] ==>  Preparing: SELECT id AS id,money,`desc`,createtime,`state`,userid,processId FROM sys_expense WHERE (userid = ?) 
2018-02-26 12:00:55,698 [DEBUG] [http-nio-8080-exec-3] c.s.guns.common.persistence.dao.ExpenseMapper.selectMaps [BaseJdbcLogger.java : 159] ==> Parameters: 1(Integer)
2018-02-26 12:00:55,700 [DEBUG] [http-nio-8080-exec-3] c.s.guns.common.persistence.dao.ExpenseMapper.selectMaps [BaseJdbcLogger.java : 159] <==      Total: 4
2018-02-26 12:01:01,983 [DEBUG] [http-nio-8080-exec-10] c.s.guns.modular.system.dao.MenuDao.getMenusByRoleIds [BaseJdbcLogger.java : 159] ==>  Preparing: SELECT m1.id AS id, m1.icon AS icon, ( CASE WHEN (m2.id = 0 OR m2.id IS NULL) THEN 0 ELSE m2.id END ) AS parentId, m1.NAME as name, m1.url as url, m1.levels as levels, m1.ismenu as ismenu, m1.num as num FROM sys_menu m1 LEFT join sys_menu m2 ON m1.pcode = m2. CODE INNER JOIN ( SELECT ID FROM sys_menu WHERE ID IN ( SELECT menuid FROM sys_relation rela WHERE rela.roleid IN ( ? ) ) ) m3 ON m1.id = m3.id where m1.ismenu = 1 order by levels,num asc 
2018-02-26 12:01:01,987 [DEBUG] [http-nio-8080-exec-10] c.s.guns.modular.system.dao.MenuDao.getMenusByRoleIds [BaseJdbcLogger.java : 159] ==> Parameters: 1(Integer)
2018-02-26 12:01:01,999 [DEBUG] [http-nio-8080-exec-10] c.s.guns.modular.system.dao.MenuDao.getMenusByRoleIds [BaseJdbcLogger.java : 159] <==      Total: 20
2018-02-26 12:01:02,002 [DEBUG] [http-nio-8080-exec-10] c.s.guns.common.persistence.dao.UserMapper.selectById [BaseJdbcLogger.java : 159] ==>  Preparing: SELECT id AS id,avatar,account,`password`,salt,`name`,birthday,sex,email,phone,roleid,deptid,`status`,createtime,version FROM sys_user WHERE id=? 
2018-02-26 12:01:02,004 [DEBUG] [http-nio-8080-exec-10] c.s.guns.common.persistence.dao.UserMapper.selectById [BaseJdbcLogger.java : 159] ==> Parameters: 1(Integer)
2018-02-26 12:01:02,007 [DEBUG] [http-nio-8080-exec-10] c.s.guns.common.persistence.dao.UserMapper.selectById [BaseJdbcLogger.java : 159] <==      Total: 1
2018-02-26 12:01:02,059 [DEBUG] [http-nio-8080-exec-2] com.stylefeng.guns.modular.system.dao.NoticeDao.list [BaseJdbcLogger.java : 159] ==>  Preparing: select * from sys_notice order by createtime DESC 
2018-02-26 12:01:02,061 [DEBUG] [http-nio-8080-exec-2] com.stylefeng.guns.modular.system.dao.NoticeDao.list [BaseJdbcLogger.java : 159] ==> Parameters: 
2018-02-26 12:01:02,063 [DEBUG] [http-nio-8080-exec-2] com.stylefeng.guns.modular.system.dao.NoticeDao.list [BaseJdbcLogger.java : 159] <==      Total: 2
2018-02-26 12:01:02,100 [ERROR] [http-nio-8080-exec-5] com.stylefeng.guns.core.util.FileUtil [FileUtil.java : 25] 文件未找到！C:\Users\xian\AppData\Local\Temp\girl.jpg
2018-02-26 12:01:04,069 [DEBUG] [http-nio-8080-exec-2] c.s.guns.common.persistence.dao.UserRepairMapper.selectList [BaseJdbcLogger.java : 159] ==>  Preparing: SELECT id AS id,account,rcontent,rstate,createtime,overtime FROM user_repair 
2018-02-26 12:01:04,069 [DEBUG] [http-nio-8080-exec-2] c.s.guns.common.persistence.dao.UserRepairMapper.selectList [BaseJdbcLogger.java : 159] ==> Parameters: 
2018-02-26 12:01:04,071 [DEBUG] [http-nio-8080-exec-2] c.s.guns.common.persistence.dao.UserRepairMapper.selectList [BaseJdbcLogger.java : 159] <==      Total: 2
2018-02-26 12:01:04,917 [DEBUG] [http-nio-8080-exec-5] c.s.guns.common.persistence.dao.UserHouseMapper.selectList [BaseJdbcLogger.java : 159] ==>  Preparing: SELECT id AS id,account,building,room,rent FROM user_house 
2018-02-26 12:01:04,919 [DEBUG] [http-nio-8080-exec-5] c.s.guns.common.persistence.dao.UserHouseMapper.selectList [BaseJdbcLogger.java : 159] ==> Parameters: 
2018-02-26 12:01:04,920 [DEBUG] [http-nio-8080-exec-5] c.s.guns.common.persistence.dao.UserHouseMapper.selectList [BaseJdbcLogger.java : 159] <==      Total: 1
2018-02-26 12:01:08,728 [DEBUG] [http-nio-8080-exec-7] c.s.guns.common.persistence.dao.ExpenseMapper.selectMaps [BaseJdbcLogger.java : 159] ==>  Preparing: SELECT id AS id,money,`desc`,createtime,`state`,userid,processId FROM sys_expense WHERE (userid = ?) 
2018-02-26 12:01:08,729 [DEBUG] [http-nio-8080-exec-7] c.s.guns.common.persistence.dao.ExpenseMapper.selectMaps [BaseJdbcLogger.java : 159] ==> Parameters: 1(Integer)
2018-02-26 12:01:08,732 [DEBUG] [http-nio-8080-exec-7] c.s.guns.common.persistence.dao.ExpenseMapper.selectMaps [BaseJdbcLogger.java : 159] <==      Total: 4
2018-02-26 12:01:14,724 [DEBUG] [http-nio-8080-exec-2] c.s.guns.common.persistence.dao.ExpenseMapper.selectById [BaseJdbcLogger.java : 159] ==>  Preparing: SELECT id AS id,money,`desc`,createtime,`state`,userid,processId FROM sys_expense WHERE id=? 
2018-02-26 12:01:14,726 [DEBUG] [http-nio-8080-exec-2] c.s.guns.common.persistence.dao.ExpenseMapper.selectById [BaseJdbcLogger.java : 159] ==> Parameters: 1(Integer)
2018-02-26 12:01:14,728 [DEBUG] [http-nio-8080-exec-2] c.s.guns.common.persistence.dao.ExpenseMapper.selectById [BaseJdbcLogger.java : 159] <==      Total: 1
2018-02-26 12:01:16,317 [WARN] [http-nio-8080-exec-2] org.springframework.web.servlet.PageNotFound [DispatcherServlet.java : 1176] No mapping found for HTTP request with URI [/WEB-INF/viewexpense/expense_update/1] in DispatcherServlet with name 'dispatcherServlet'
2018-02-26 12:03:05,295 [DEBUG] [http-nio-8080-exec-7] c.s.guns.common.persistence.dao.ExpenseMapper.selectMaps [BaseJdbcLogger.java : 159] ==>  Preparing: SELECT id AS id,money,`desc`,createtime,`state`,userid,processId FROM sys_expense WHERE (userid = ?) 
2018-02-26 12:03:05,297 [DEBUG] [http-nio-8080-exec-7] c.s.guns.common.persistence.dao.ExpenseMapper.selectMaps [BaseJdbcLogger.java : 159] ==> Parameters: 1(Integer)
2018-02-26 12:03:05,298 [DEBUG] [http-nio-8080-exec-7] c.s.guns.common.persistence.dao.ExpenseMapper.selectMaps [BaseJdbcLogger.java : 159] <==      Total: 4
2018-02-26 12:03:08,281 [DEBUG] [http-nio-8080-exec-5] c.s.guns.common.persistence.dao.ExpenseMapper.selectMaps [BaseJdbcLogger.java : 159] ==>  Preparing: SELECT id AS id,money,`desc`,createtime,`state`,userid,processId FROM sys_expense WHERE (userid = ?) 
2018-02-26 12:03:08,282 [DEBUG] [http-nio-8080-exec-5] c.s.guns.common.persistence.dao.ExpenseMapper.selectMaps [BaseJdbcLogger.java : 159] ==> Parameters: 1(Integer)
2018-02-26 12:03:08,283 [DEBUG] [http-nio-8080-exec-5] c.s.guns.common.persistence.dao.ExpenseMapper.selectMaps [BaseJdbcLogger.java : 159] <==      Total: 4
2018-02-26 12:04:24,673 [DEBUG] [http-nio-8080-exec-5] c.s.guns.common.persistence.dao.ExpenseMapper.selectMaps [BaseJdbcLogger.java : 159] ==>  Preparing: SELECT id AS id,money,`desc`,createtime,`state`,userid,processId FROM sys_expense WHERE (userid = ?) 
2018-02-26 12:04:24,674 [DEBUG] [http-nio-8080-exec-5] c.s.guns.common.persistence.dao.ExpenseMapper.selectMaps [BaseJdbcLogger.java : 159] ==> Parameters: 1(Integer)
2018-02-26 12:04:24,676 [DEBUG] [http-nio-8080-exec-5] c.s.guns.common.persistence.dao.ExpenseMapper.selectMaps [BaseJdbcLogger.java : 159] <==      Total: 4
2018-02-26 12:04:28,523 [DEBUG] [http-nio-8080-exec-2] c.s.guns.common.persistence.dao.ExpenseMapper.selectMaps [BaseJdbcLogger.java : 159] ==>  Preparing: SELECT id AS id,money,`desc`,createtime,`state`,userid,processId FROM sys_expense WHERE (userid = ?) 
2018-02-26 12:04:28,524 [DEBUG] [http-nio-8080-exec-2] c.s.guns.common.persistence.dao.ExpenseMapper.selectMaps [BaseJdbcLogger.java : 159] ==> Parameters: 1(Integer)
2018-02-26 12:04:28,526 [DEBUG] [http-nio-8080-exec-2] c.s.guns.common.persistence.dao.ExpenseMapper.selectMaps [BaseJdbcLogger.java : 159] <==      Total: 4
2018-02-26 12:04:30,673 [DEBUG] [http-nio-8080-exec-8] c.s.guns.common.persistence.dao.UserRepairMapper.selectList [BaseJdbcLogger.java : 159] ==>  Preparing: SELECT id AS id,account,rcontent,rstate,createtime,overtime FROM user_repair 
2018-02-26 12:04:30,675 [DEBUG] [http-nio-8080-exec-8] c.s.guns.common.persistence.dao.UserRepairMapper.selectList [BaseJdbcLogger.java : 159] ==> Parameters: 
2018-02-26 12:04:30,678 [DEBUG] [http-nio-8080-exec-8] c.s.guns.common.persistence.dao.UserRepairMapper.selectList [BaseJdbcLogger.java : 159] <==      Total: 2
2018-02-26 12:04:42,002 [DEBUG] [http-nio-8080-exec-3] c.s.guns.common.persistence.dao.UserRepairMapper.selectById [BaseJdbcLogger.java : 159] ==>  Preparing: SELECT id AS id,account,rcontent,rstate,createtime,overtime FROM user_repair WHERE id=? 
2018-02-26 12:04:42,004 [DEBUG] [http-nio-8080-exec-3] c.s.guns.common.persistence.dao.UserRepairMapper.selectById [BaseJdbcLogger.java : 159] ==> Parameters: 1(Integer)
2018-02-26 12:04:42,006 [DEBUG] [http-nio-8080-exec-3] c.s.guns.common.persistence.dao.UserRepairMapper.selectById [BaseJdbcLogger.java : 159] <==      Total: 1
2018-02-26 12:06:42,598 [INFO] [SessionValidationThread-1] o.apache.shiro.session.mgt.AbstractValidatingSessionManager [AbstractValidatingSessionManager.java : 275] Validating all active sessions...
2018-02-26 12:06:42,599 [INFO] [SessionValidationThread-1] o.apache.shiro.session.mgt.AbstractValidatingSessionManager [AbstractValidatingSessionManager.java : 308] Finished session validation.  No sessions were stopped.
2018-02-26 12:21:42,596 [INFO] [SessionValidationThread-1] o.apache.shiro.session.mgt.AbstractValidatingSessionManager [AbstractValidatingSessionManager.java : 275] Validating all active sessions...
2018-02-26 12:21:42,597 [INFO] [SessionValidationThread-1] o.apache.shiro.session.mgt.AbstractValidatingSessionManager [AbstractValidatingSessionManager.java : 308] Finished session validation.  No sessions were stopped.
2018-02-26 13:09:37,965 [INFO] [SessionValidationThread-1] o.apache.shiro.session.mgt.AbstractValidatingSessionManager [AbstractValidatingSessionManager.java : 275] Validating all active sessions...
2018-02-26 13:09:37,965 [INFO] [SessionValidationThread-1] o.apache.shiro.session.mgt.AbstractValidatingSessionManager [AbstractValidatingSessionManager.java : 308] Finished session validation.  [1] sessions were stopped.
2018-02-26 13:09:37,966 [INFO] [SessionValidationThread-1] o.apache.shiro.session.mgt.AbstractValidatingSessionManager [AbstractValidatingSessionManager.java : 275] Validating all active sessions...
2018-02-26 13:09:37,966 [INFO] [SessionValidationThread-1] o.apache.shiro.session.mgt.AbstractValidatingSessionManager [AbstractValidatingSessionManager.java : 308] Finished session validation.  No sessions were stopped.
2018-02-26 13:09:37,966 [INFO] [SessionValidationThread-1] o.apache.shiro.session.mgt.AbstractValidatingSessionManager [AbstractValidatingSessionManager.java : 275] Validating all active sessions...
2018-02-26 13:09:37,966 [INFO] [SessionValidationThread-1] o.apache.shiro.session.mgt.AbstractValidatingSessionManager [AbstractValidatingSessionManager.java : 308] Finished session validation.  No sessions were stopped.
2018-02-26 13:21:42,584 [INFO] [SessionValidationThread-1] o.apache.shiro.session.mgt.AbstractValidatingSessionManager [AbstractValidatingSessionManager.java : 275] Validating all active sessions...
2018-02-26 13:21:42,585 [INFO] [SessionValidationThread-1] o.apache.shiro.session.mgt.AbstractValidatingSessionManager [AbstractValidatingSessionManager.java : 308] Finished session validation.  No sessions were stopped.
2018-02-26 13:36:42,584 [INFO] [SessionValidationThread-1] o.apache.shiro.session.mgt.AbstractValidatingSessionManager [AbstractValidatingSessionManager.java : 275] Validating all active sessions...
2018-02-26 13:36:42,584 [INFO] [SessionValidationThread-1] o.apache.shiro.session.mgt.AbstractValidatingSessionManager [AbstractValidatingSessionManager.java : 308] Finished session validation.  No sessions were stopped.
2018-02-26 13:51:42,584 [INFO] [SessionValidationThread-1] o.apache.shiro.session.mgt.AbstractValidatingSessionManager [AbstractValidatingSessionManager.java : 275] Validating all active sessions...
2018-02-26 13:51:42,585 [INFO] [SessionValidationThread-1] o.apache.shiro.session.mgt.AbstractValidatingSessionManager [AbstractValidatingSessionManager.java : 308] Finished session validation.  No sessions were stopped.
2018-02-26 14:06:42,584 [INFO] [SessionValidationThread-1] o.apache.shiro.session.mgt.AbstractValidatingSessionManager [AbstractValidatingSessionManager.java : 275] Validating all active sessions...
2018-02-26 14:06:42,585 [INFO] [SessionValidationThread-1] o.apache.shiro.session.mgt.AbstractValidatingSessionManager [AbstractValidatingSessionManager.java : 308] Finished session validation.  No sessions were stopped.
2018-02-26 14:21:42,584 [INFO] [SessionValidationThread-1] o.apache.shiro.session.mgt.AbstractValidatingSessionManager [AbstractValidatingSessionManager.java : 275] Validating all active sessions...
2018-02-26 14:21:42,585 [INFO] [SessionValidationThread-1] o.apache.shiro.session.mgt.AbstractValidatingSessionManager [AbstractValidatingSessionManager.java : 308] Finished session validation.  No sessions were stopped.
2018-02-26 14:36:42,585 [INFO] [SessionValidationThread-1] o.apache.shiro.session.mgt.AbstractValidatingSessionManager [AbstractValidatingSessionManager.java : 275] Validating all active sessions...
2018-02-26 14:36:42,585 [INFO] [SessionValidationThread-1] o.apache.shiro.session.mgt.AbstractValidatingSessionManager [AbstractValidatingSessionManager.java : 308] Finished session validation.  No sessions were stopped.
2018-02-26 15:10:31,794 [DEBUG] [http-nio-8080-exec-7] c.s.guns.common.persistence.dao.UserRepairMapper.selectList [BaseJdbcLogger.java : 159] ==>  Preparing: SELECT id AS id,account,rcontent,rstate,createtime,overtime FROM user_repair 
2018-02-26 15:10:31,804 [DEBUG] [http-nio-8080-exec-7] c.s.guns.common.persistence.dao.UserRepairMapper.selectList [BaseJdbcLogger.java : 159] ==> Parameters: 
2018-02-26 15:10:31,810 [DEBUG] [http-nio-8080-exec-7] c.s.guns.common.persistence.dao.UserRepairMapper.selectList [BaseJdbcLogger.java : 159] <==      Total: 2
2018-02-26 15:12:33,888 [DEBUG] [http-nio-8080-exec-4] c.s.guns.common.persistence.dao.UserRepairMapper.selectList [BaseJdbcLogger.java : 159] ==>  Preparing: SELECT id AS id,account,rcontent,rstate,createtime,overtime FROM user_repair 
2018-02-26 15:12:36,652 [DEBUG] [http-nio-8080-exec-4] c.s.guns.common.persistence.dao.UserRepairMapper.selectList [BaseJdbcLogger.java : 159] ==> Parameters: 
2018-02-26 15:12:42,013 [DEBUG] [http-nio-8080-exec-4] c.s.guns.common.persistence.dao.UserRepairMapper.selectList [BaseJdbcLogger.java : 159] <==      Total: 2
2018-02-26 15:14:41,768 [DEBUG] [http-nio-8080-exec-3] c.s.guns.common.persistence.dao.UserRepairMapper.selectList [BaseJdbcLogger.java : 159] ==>  Preparing: SELECT id AS id,account,rcontent,rstate,createtime,overtime FROM user_repair WHERE (account LIKE ?) 
2018-02-26 15:14:41,771 [DEBUG] [http-nio-8080-exec-3] c.s.guns.common.persistence.dao.UserRepairMapper.selectList [BaseJdbcLogger.java : 159] ==> Parameters: %admin%(String)
2018-02-26 15:14:41,773 [DEBUG] [http-nio-8080-exec-3] c.s.guns.common.persistence.dao.UserRepairMapper.selectList [BaseJdbcLogger.java : 159] <==      Total: 2
2018-02-26 15:14:48,638 [DEBUG] [http-nio-8080-exec-5] c.s.guns.common.persistence.dao.UserRepairMapper.selectList [BaseJdbcLogger.java : 159] ==>  Preparing: SELECT id AS id,account,rcontent,rstate,createtime,overtime FROM user_repair WHERE (account LIKE ?) 
2018-02-26 15:14:48,639 [DEBUG] [http-nio-8080-exec-5] c.s.guns.common.persistence.dao.UserRepairMapper.selectList [BaseJdbcLogger.java : 159] ==> Parameters: %admins%(String)
2018-02-26 15:14:48,643 [DEBUG] [http-nio-8080-exec-5] c.s.guns.common.persistence.dao.UserRepairMapper.selectList [BaseJdbcLogger.java : 159] <==      Total: 0
2018-02-26 15:14:56,551 [DEBUG] [http-nio-8080-exec-9] c.s.guns.common.persistence.dao.UserRepairMapper.selectList [BaseJdbcLogger.java : 159] ==>  Preparing: SELECT id AS id,account,rcontent,rstate,createtime,overtime FROM user_repair WHERE (account LIKE ?) 
2018-02-26 15:14:56,553 [DEBUG] [http-nio-8080-exec-9] c.s.guns.common.persistence.dao.UserRepairMapper.selectList [BaseJdbcLogger.java : 159] ==> Parameters: %admin%(String)
2018-02-26 15:14:56,557 [DEBUG] [http-nio-8080-exec-9] c.s.guns.common.persistence.dao.UserRepairMapper.selectList [BaseJdbcLogger.java : 159] <==      Total: 2
2018-02-26 15:17:39,473 [INFO] [SessionValidationThread-1] o.apache.shiro.session.mgt.AbstractValidatingSessionManager [AbstractValidatingSessionManager.java : 275] Validating all active sessions...
2018-02-26 15:17:39,474 [INFO] [SessionValidationThread-1] o.apache.shiro.session.mgt.AbstractValidatingSessionManager [AbstractValidatingSessionManager.java : 308] Finished session validation.  No sessions were stopped.
2018-02-26 15:17:39,474 [INFO] [SessionValidationThread-1] o.apache.shiro.session.mgt.AbstractValidatingSessionManager [AbstractValidatingSessionManager.java : 275] Validating all active sessions...
2018-02-26 15:17:39,475 [INFO] [SessionValidationThread-1] o.apache.shiro.session.mgt.AbstractValidatingSessionManager [AbstractValidatingSessionManager.java : 308] Finished session validation.  No sessions were stopped.
2018-02-26 15:21:42,571 [INFO] [SessionValidationThread-1] o.apache.shiro.session.mgt.AbstractValidatingSessionManager [AbstractValidatingSessionManager.java : 275] Validating all active sessions...
2018-02-26 15:21:42,571 [INFO] [SessionValidationThread-1] o.apache.shiro.session.mgt.AbstractValidatingSessionManager [AbstractValidatingSessionManager.java : 308] Finished session validation.  No sessions were stopped.
2018-02-26 15:35:45,289 [DEBUG] [http-nio-8080-exec-10] c.s.guns.modular.system.dao.MenuDao.getMenusByRoleIds [BaseJdbcLogger.java : 159] ==>  Preparing: SELECT m1.id AS id, m1.icon AS icon, ( CASE WHEN (m2.id = 0 OR m2.id IS NULL) THEN 0 ELSE m2.id END ) AS parentId, m1.NAME as name, m1.url as url, m1.levels as levels, m1.ismenu as ismenu, m1.num as num FROM sys_menu m1 LEFT join sys_menu m2 ON m1.pcode = m2. CODE INNER JOIN ( SELECT ID FROM sys_menu WHERE ID IN ( SELECT menuid FROM sys_relation rela WHERE rela.roleid IN ( ? ) ) ) m3 ON m1.id = m3.id where m1.ismenu = 1 order by levels,num asc 
2018-02-26 15:35:45,292 [DEBUG] [http-nio-8080-exec-10] c.s.guns.modular.system.dao.MenuDao.getMenusByRoleIds [BaseJdbcLogger.java : 159] ==> Parameters: 1(Integer)
2018-02-26 15:35:45,298 [DEBUG] [http-nio-8080-exec-10] c.s.guns.modular.system.dao.MenuDao.getMenusByRoleIds [BaseJdbcLogger.java : 159] <==      Total: 20
2018-02-26 15:35:45,302 [DEBUG] [http-nio-8080-exec-10] c.s.guns.common.persistence.dao.UserMapper.selectById [BaseJdbcLogger.java : 159] ==>  Preparing: SELECT id AS id,avatar,account,`password`,salt,`name`,birthday,sex,email,phone,roleid,deptid,`status`,createtime,version FROM sys_user WHERE id=? 
2018-02-26 15:35:45,303 [DEBUG] [http-nio-8080-exec-10] c.s.guns.common.persistence.dao.UserMapper.selectById [BaseJdbcLogger.java : 159] ==> Parameters: 1(Integer)
2018-02-26 15:35:45,305 [DEBUG] [http-nio-8080-exec-10] c.s.guns.common.persistence.dao.UserMapper.selectById [BaseJdbcLogger.java : 159] <==      Total: 1
2018-02-26 15:35:45,346 [DEBUG] [http-nio-8080-exec-6] com.stylefeng.guns.modular.system.dao.NoticeDao.list [BaseJdbcLogger.java : 159] ==>  Preparing: select * from sys_notice order by createtime DESC 
2018-02-26 15:35:45,348 [DEBUG] [http-nio-8080-exec-6] com.stylefeng.guns.modular.system.dao.NoticeDao.list [BaseJdbcLogger.java : 159] ==> Parameters: 
2018-02-26 15:35:45,352 [DEBUG] [http-nio-8080-exec-6] com.stylefeng.guns.modular.system.dao.NoticeDao.list [BaseJdbcLogger.java : 159] <==      Total: 2
2018-02-26 15:35:45,393 [ERROR] [http-nio-8080-exec-7] com.stylefeng.guns.core.util.FileUtil [FileUtil.java : 25] 文件未找到！C:\Users\xian\AppData\Local\Temp\girl.jpg
2018-02-26 15:36:42,572 [INFO] [SessionValidationThread-1] o.apache.shiro.session.mgt.AbstractValidatingSessionManager [AbstractValidatingSessionManager.java : 275] Validating all active sessions...
2018-02-26 15:36:42,572 [INFO] [SessionValidationThread-1] o.apache.shiro.session.mgt.AbstractValidatingSessionManager [AbstractValidatingSessionManager.java : 308] Finished session validation.  No sessions were stopped.
2018-02-26 15:51:42,571 [INFO] [SessionValidationThread-1] o.apache.shiro.session.mgt.AbstractValidatingSessionManager [AbstractValidatingSessionManager.java : 275] Validating all active sessions...
2018-02-26 15:51:42,571 [INFO] [SessionValidationThread-1] o.apache.shiro.session.mgt.AbstractValidatingSessionManager [AbstractValidatingSessionManager.java : 308] Finished session validation.  No sessions were stopped.
